app/build/outputs/mapping/release/seeds.txt
work.devdiaries.borderless.twa.DelegationService
work.devdiaries.borderless.twa.Application
work.devdiaries.borderless.twa.LauncherActivity
work.devdiaries.borderless.twa.Application: Application()
work.devdiaries.borderless.twa.DelegationService: DelegationService()
work.devdiaries.borderless.twa.LauncherActivity: LauncherActivity()
...
android.support.v4.app.RemoteActionCompatParcelizer
com.google.androidbrowserhelper.trusted.NotificationPermissionRequestActivity
androidx.core.app.RemoteActionCompat
androidx.lifecycle.FullLifecycleObserverAdapter
androidx.browser.browseractions.BrowserActionsFallbackMenuView
androidx.versionedparcelable.ParcelImpl
androidx.annotation.Keep
androidx.lifecycle.ReflectiveGenericLifecycleObserver
com.google.androidbrowserhelper.trusted.WebViewFallbackActivity
androidx.core.content.FileProvider
androidx.core.graphics.drawable.IconCompat
android.support.v4.graphics.drawable.IconCompatParcelizer
androidx.lifecycle.CompositeGeneratedAdaptersObserver
androidx.core.app.RemoteActionCompatParcelizer
androidx.versionedparcelable.CustomVersionedParcelable
com.google.androidbrowserhelper.trusted.FocusActivity
com.google.androidbrowserhelper.trusted.ManageDataLauncherActivity
androidx.lifecycle.SingleGeneratedAdapterObserver
androidx.core.app.CoreComponentFactory
androidx.core.graphics.drawable.IconCompatParcelizer
androidx.versionedparcelable.ParcelImpl: android.os.Parcelable$Creator CREATOR
androidx.core.graphics.drawable.IconCompatParcelizer: void write(androidx.core.graphics.drawable.IconCompat,androidx.versionedparcelable.VersionedParcel)
android.support.v4.graphics.drawable.IconCompatParcelizer: androidx.core.graphics.drawable.IconCompat read(androidx.versionedparcelable.VersionedParcel)
androidx.core.app.RemoteActionCompatParcelizer: androidx.core.app.RemoteActionCompat read(androidx.versionedparcelable.VersionedParcel)
android.support.v4.app.RemoteActionCompatParcelizer: void write(androidx.core.app.RemoteActionCompat,androidx.versionedparcelable.VersionedParcel)
androidx.core.content.FileProvider: FileProvider()
com.google.androidbrowserhelper.trusted.WebViewFallbackActivity: WebViewFallbackActivity()
com.google.androidbrowserhelper.trusted.FocusActivity: FocusActivity()
com.google.androidbrowserhelper.trusted.NotificationPermissionRequestActivity: NotificationPermissionRequestActivity()
androidx.core.app.CoreComponentFactory: CoreComponentFactory()
android.support.v4.app.RemoteActionCompatParcelizer: RemoteActionCompatParcelizer()
com.google.androidbrowserhelper.trusted.ManageDataLauncherActivity: ManageDataLauncherActivity()
androidx.core.app.RemoteActionCompatParcelizer: void write(androidx.core.app.RemoteActionCompat,androidx.versionedparcelable.VersionedParcel)
androidx.core.app.RemoteActionCompatParcelizer: RemoteActionCompatParcelizer()
android.support.v4.graphics.drawable.IconCompatParcelizer: IconCompatParcelizer()
android.support.v4.app.RemoteActionCompatParcelizer: androidx.core.app.RemoteActionCompat read(androidx.versionedparcelable.VersionedParcel)
androidx.core.graphics.drawable.IconCompatParcelizer: IconCompatParcelizer()
androidx.browser.browseractions.BrowserActionsFallbackMenuView: BrowserActionsFallbackMenuView(android.content.Context,android.util.AttributeSet)
android.support.v4.graphics.drawable.IconCompatParcelizer: void write(androidx.core.graphics.drawable.IconCompat,androidx.versionedparcelable.VersionedParcel)
androidx.core.graphics.drawable.IconCompatParcelizer: androidx.core.graphics.drawable.IconCompat read(androidx.versionedparcelable.VersionedParcel)
androidx.versionedparcelable.CustomVersionedParcelable: CustomVersionedParcelable()
androidx.core.graphics.drawable.IconCompat: IconCompat()
androidx.core.app.RemoteActionCompat: RemoteActionCompat()