app/build/outputs/mapping/release/mapping.txt
# compiler: R8
# compiler_version: 8.5.10
# min_api: 21
# common_typos_disable
# {"id":"com.android.tools.r8.mapping","version":"2.2"}
# pg_map_id: 62f2aff
# pg_map_hash: SHA-256 62f2affd9ae2e2989fccc57e3bb93d22e49fea3fc8479ddaf86e0c6604bfd631
work.devdiaries.borderless.twa.Application -> work.devdiaries.borderless.twa.Application:
# {"id":"sourceFile","fileName":"Application.java"}
work.devdiaries.borderless.twa.DelegationService -> work.devdiaries.borderless.twa.DelegationService:
# {"id":"sourceFile","fileName":"DelegationService.java"}
work.devdiaries.borderless.twa.LauncherActivity -> work.devdiaries.borderless.twa.LauncherActivity:
# {"id":"sourceFile","fileName":"LauncherActivity.java"}
    1:1:android.net.Uri getLaunchingUrl():0:0 -> h
...
androidx.browser.browseractions.BrowserActionsFallbackMenuView -> androidx.browser.browseractions.BrowserActionsFallbackMenuView:
# {"id":"sourceFile","fileName":"BrowserActionsFallbackMenuView.java"}
    int mBrowserActionsMenuMinPaddingPx -> a
    int mBrowserActionsMenuMaxWidthPx -> b
androidx.browser.customtabs.CustomTabColorSchemeParams -> e.a:
# {"id":"sourceFile","fileName":"CustomTabColorSchemeParams.java"}
    java.lang.Integer toolbarColor -> a
    java.lang.Integer secondaryToolbarColor -> b
    java.lang.Integer navigationBarColor -> c
    java.lang.Integer navigationBarDividerColor -> d
    1:12:void <init>(java.lang.Integer,java.lang.Integer,java.lang.Integer,java.lang.Integer):0:0 -> <init>
    3:46:androidx.browser.customtabs.CustomTabColorSchemeParams fromBundle(android.os.Bundle):0:0 -> a
      # {"id":"com.android.tools.r8.residualsignature","signature":"(Landroid/os/Bundle;)Le/a;"}
    1:58:android.os.Bundle toBundle():0:0 -> b
    1:30:androidx.browser.customtabs.CustomTabColorSchemeParams withDefaults(androidx.browser.customtabs.CustomTabColorSchemeParams):0:0 -> c
      # {"id":"com.android.tools.r8.residualsignature","signature":"(Le/a;)Le/a;"}
androidx.browser.customtabs.CustomTabColorSchemeParams$Builder -> e.a$a:
# {"id":"sourceFile","fileName":"CustomTabColorSchemeParams.java"}
    java.lang.Integer mToolbarColor -> a
    java.lang.Integer mSecondaryToolbarColor -> b
    java.lang.Integer mNavigationBarColor -> c
    java.lang.Integer mNavigationBarDividerColor -> d
    1:4:void <init>():0:0 -> <init>
    1:14:androidx.browser.customtabs.CustomTabColorSchemeParams build():0:0 -> a
      # {"id":"com.android.tools.r8.residualsignature","signature":"()Le/a;"}
    4:10:androidx.browser.customtabs.CustomTabColorSchemeParams$Builder setNavigationBarColor(int):0:0 -> b
      # {"id":"com.android.tools.r8.residualsignature","signature":"(I)Le/a$a;"}
    1:7:androidx.browser.customtabs.CustomTabColorSchemeParams$Builder setNavigationBarDividerColor(int):0:0 -> c
      # {"id":"com.android.tools.r8.residualsignature","signature":"(I)Le/a$a;"}
    4:10:androidx.browser.customtabs.CustomTabColorSchemeParams$Builder setToolbarColor(int):0:0 -> d
      # {"id":"com.android.tools.r8.residualsignature","signature":"(I)Le/a$a;"}
androidx.browser.customtabs.CustomTabsCallback -> e.b:
# {"id":"sourceFile","fileName":"CustomTabsCallback.java"}
    1:4:void <init>():0:0 -> <init>
    1:1:void extraCallback(java.lang.String,android.os.Bundle):0:0 -> a
    1:2:android.os.Bundle extraCallbackWithResult(java.lang.String,android.os.Bundle):0:0 -> b
    1:1:void onMessageChannelReady(android.os.Bundle):0:0 -> c
    1:1:void onNavigationEvent(int,android.os.Bundle):0:0 -> d
    1:1:void onPostMessage(java.lang.String,android.os.Bundle):0:0 -> e
    1:1:void onRelationshipValidationResult(int,android.net.Uri,boolean,android.os.Bundle):0:0 -> f