app/build/outputs/mapping/release/usage.txt
work.devdiaries.borderless.twa.R$bool
work.devdiaries.borderless.twa.R$color
work.devdiaries.borderless.twa.R$drawable
work.devdiaries.borderless.twa.R$integer
work.devdiaries.borderless.twa.R$mipmap
work.devdiaries.borderless.twa.R$raw
work.devdiaries.borderless.twa.R$string
work.devdiaries.borderless.twa.R$xml
work.devdiaries.borderless.twa.R
...
androidx.core.app.NotificationManagerCompat$NotifyTask
androidx.core.app.NotificationManagerCompat$ServiceConnectedEvent
androidx.core.app.NotificationManagerCompat$SideChannelManager$ListenerRecord
androidx.core.app.NotificationManagerCompat$SideChannelManager
androidx.core.app.NotificationManagerCompat$Task
androidx.core.app.NotificationManagerCompat:
    public static final java.lang.String ACTION_BIND_SIDE_CHANNEL
    private static final java.lang.String CHECK_OP_NO_THROW
    public static final java.lang.String EXTRA_USE_SIDE_CHANNEL
    public static final int IMPORTANCE_DEFAULT
    public static final int IMPORTANCE_HIGH
    public static final int IMPORTANCE_LOW
    public static final int IMPORTANCE_MAX
    public static final int IMPORTANCE_MIN
    public static final int IMPORTANCE_NONE
    public static final int IMPORTANCE_UNSPECIFIED
    static final int MAX_SIDE_CHANNEL_SDK_VERSION
    private static final java.lang.String OP_POST_NOTIFICATION
    private static final java.lang.String SETTING_ENABLED_NOTIFICATION_LISTENERS
    private static final int SIDE_CHANNEL_RETRY_BASE_INTERVAL_MS
    private static final int SIDE_CHANNEL_RETRY_MAX_COUNT
    private static final java.lang.String TAG
    private static java.lang.String sEnabledNotificationListeners
    private static androidx.core.app.NotificationManagerCompat$SideChannelManager sSideChannelManager
    public void cancel(int)
    public void cancel(java.lang.String,int)
    public void cancelAll()
    public void createNotificationChannelGroup(android.app.NotificationChannelGroup)
    public void createNotificationChannelGroups(java.util.List)
    public void createNotificationChannels(java.util.List)
    public void deleteNotificationChannel(java.lang.String)
androidx.core.app.Person$Builder
androidx.core.app.Person
androidx.core.app.RemoteActionCompat:
    public void <init>(androidx.core.app.RemoteActionCompat)
    public void <init>(androidx.core.graphics.drawable.IconCompat,java.lang.CharSequence,java.lang.CharSequence,android.app.PendingIntent)
    public static androidx.core.app.RemoteActionCompat createFromRemoteAction(android.app.RemoteAction)
    public android.app.PendingIntent getActionIntent()
    public java.lang.CharSequence getContentDescription()
    public androidx.core.graphics.drawable.IconCompat getIcon()
    public java.lang.CharSequence getTitle()
    public boolean isEnabled()
    public void setEnabled(boolean)
    public void setShouldShowIcon(boolean)
    public boolean shouldShowIcon()
    public android.app.RemoteAction toRemoteAction()
androidx.core.app.RemoteInput$Builder
androidx.core.app.RemoteInput$Source
androidx.core.app.RemoteInput
androidx.core.app.ServiceCompat$StopForegroundFlags
androidx.core.app.ServiceCompat
androidx.core.app.ShareCompat$IntentBuilder
androidx.core.app.ShareCompat$IntentReader
androidx.core.app.ShareCompat
androidx.core.app.SharedElementCallback$OnSharedElementsReadyListener
androidx.core.app.SharedElementCallback
androidx.core.app.TaskStackBuilder$SupportParentable
androidx.core.app.TaskStackBuilder
androidx.core.content.ContentResolverCompat
androidx.core.content.ContextCompat$LegacyServiceMapHolder
androidx.core.content.ContextCompat$MainHandlerExecutor